Tue Mar 24 19:52:26 2026       
+-----------------------------------------------------------------------------------------+
| NVIDIA-SMI 570.124.06             Driver Version: 570.124.06     CUDA Version: 12.8     |
|-----------------------------------------+------------------------+----------------------+
| GPU  Name                 Persistence-M | Bus-Id          Disp.A | Volatile Uncorr. ECC |
| Fan  Temp   Perf          Pwr:Usage/Cap |           Memory-Usage | GPU-Util  Compute M. |
|                                         |                        |               MIG M. |
|=========================================+========================+======================|
|   0  NVIDIA RTX A4000               Off |   00000000:3B:00.0 Off |                  Off |
| 41%   46C    P8             16W /  140W |       1MiB /  16376MiB |      0%      Default |
|                                         |                        |                  N/A |
+-----------------------------------------+------------------------+----------------------+
                                                                                         
+-----------------------------------------------------------------------------------------+
| Processes:                                                                              |
|  GPU   GI   CI              PID   Type   Process name                        GPU Memory |
|        ID   ID                                                               Usage      |
|=========================================================================================|
|  No running processes found                                                             |
+-----------------------------------------------------------------------------------------+
using Python:
/bigtemp/rhm4nj/envs/safediff/bin/python
Python 3.10.20
/u/rhm4nj/.local/bin/pip
╔════════════════════════════════════════════════════════════╗
║  Safe Diffusion - Training + Evaluation (SLURM)            ║
╚════════════════════════════════════════════════════════════╝

SLURM Job ID: 5655235
Task: pusht_lowdim
Epochs: 25
GPU: NVIDIA RTX A4000
Timestamp: 2026-03-24 19:52:27
CPUs: 8 | Memory: 32768 MB

╔════════════════════════════════════════════════════════════╗
║ TRAINING PHASE                                             ║
╚════════════════════════════════════════════════════════════╝

🚀 Starting training for pusht_lowdim...

